
Usuario: Smania, Fecha y Hora de Acceso: 2024-05-28 20:17:54
Usuario: Smania, Fecha y Hora de Acceso: 2024-05-29 09:42:43
Usuario: Smania, Fecha y Hora de Acceso: 2024-05-29 09:44:40
Usuario: Smania, Fecha y Hora de Acceso: 2024-05-29 09:47:03
Usuario: Smania, Fecha y Hora de Acceso: 2024-05-29 09:50:24
Usuario: Smania, Fecha y Hora de Acceso: 2024-05-29 09:50:28
Usuario: Smania, Fecha y Hora de Acceso: 2024-05-29 09:51:42
Usuario: Smania, Fecha y Hora de Acceso: 2024-05-29 09:57:58
Usuario: Smania, Fecha y Hora de Acceso: 2024-05-29 09:59:27
Usuario: Smania, Fecha y Hora de Acceso: 2024-05-29 10:02:13
Usuario: Smania, Fecha y Hora de Acceso: 2024-05-29 10:03:19
Usuario: Smania, Fecha y Hora de Acceso: 2024-05-29 10:03:56
Usuario: Smania, Fecha y Hora de Acceso: 2024-05-29 10:08:07
Usuario: Smania, Fecha y Hora de Acceso: 2024-05-29 10:12:33
Usuario: Smania, Fecha y Hora de Acceso: 2024-05-29 10:14:18
Usuario: Smania, Fecha y Hora de Acceso: 2024-05-29 10:15:38
Usuario: Smania, Fecha y Hora de Acceso: 2024-05-29 10:16:02
Usuario: Smania, Fecha y Hora de Acceso: 2024-05-29 10:18:33
Usuario: Smania, Fecha y Hora de Acceso: 2024-05-29 10:28:00
Usuario: Smania, Fecha y Hora de Acceso: 2024-05-29 10:36:42
Usuario: Smania, Fecha y Hora de Acceso: 2024-05-29 16:01:32
Usuario: Smania, Fecha y Hora de Acceso: 2024-05-29 16:14:30
Usuario: Smania, Fecha y Hora de Acceso: 2024-05-29 16:17:25
Usuario: Smania, Fecha y Hora de Acceso: 2024-05-29 16:25:52
Usuario: Smania, Fecha y Hora de Acceso: 2024-05-29 16:26:33
Usuario: Smania, Fecha y Hora de Acceso: 2024-05-29 16:28:19
Usuario: Smania, Fecha y Hora de Acceso: 2024-05-29 16:30:23
Usuario: Smania, Fecha y Hora de Acceso: 2024-05-29 16:31:12
Usuario: Smania, Fecha y Hora de Acceso: 2024-05-29 16:40:57
Usuario: Smania, Fecha y Hora de Acceso: 2024-05-29 16:42:16
Usuario: Smania, Fecha y Hora de Acceso: 2024-05-29 16:44:05
Usuario: Smania, Fecha y Hora de Acceso: 2024-05-29 16:45:03
Usuario: Smania, Fecha y Hora de Acceso: 2024-05-29 16:57:38
Usuario: Smania, Fecha y Hora de Acceso: 2024-05-29 17:03:28
Usuario: Smania, Fecha y Hora de Acceso: 2024-05-29 17:05:41
Usuario: Smania, Fecha y Hora de Acceso: 2024-05-29 17:09:00
Usuario: Smania, Fecha y Hora de Acceso: 2024-05-29 17:11:28
Usuario: Smania, Fecha y Hora de Acceso: 2024-05-29 17:13:40
Usuario: Smania, Fecha y Hora de Acceso: 2024-05-29 17:34:15
Usuario: Smania, Fecha y Hora de Acceso: 2024-05-29 17:36:20
Usuario: Smania, Fecha y Hora de Acceso: 2024-05-29 17:39:39
Usuario: Smania, Fecha y Hora de Acceso: 2024-05-29 17:41:39
Usuario: Smania, Fecha y Hora de Acceso: 2024-05-29 17:43:00
Usuario: Smania, Fecha y Hora de Acceso: 2024-05-29 17:47:14
Usuario: Smania, Fecha y Hora de Acceso: 2024-05-29 17:57:38
Usuario: Palopolo, Fecha y Hora de Acceso: 2024-05-29 18:00:31
Usuario: Smania, Fecha y Hora de Acceso: 2024-05-29 18:01:35
Usuario: Smania, Fecha y Hora de Acceso: 2024-05-29 18:15:33
Usuario: Smania, Fecha y Hora de Acceso: 2024-05-29 18:17:19
Usuario: Palopolo, Fecha y Hora de Acceso: 2024-05-29 18:17:45
Usuario: Palopolo, Fecha y Hora de Acceso: 2024-05-29 18:18:02
Usuario: Smania, Fecha y Hora de Acceso: 2024-05-29 18:18:19
Usuario: Smania, Fecha y Hora de Acceso: 2024-05-29 18:19:33
Usuario: Palopolo, Fecha y Hora de Acceso: 2024-05-29 18:19:58
Usuario: Smania, Fecha y Hora de Acceso: 2024-05-29 18:25:49
Usuario: Smania, Fecha y Hora de Acceso: 2024-05-29 18:29:24
Usuario: Smania, Fecha y Hora de Acceso: 2024-05-29 18:30:03
Usuario: Smania, Fecha y Hora de Acceso: 2024-05-29 18:33:33
Usuario: Smania, Fecha y Hora de Acceso: 2024-05-29 18:33:58
Usuario: Smania, Fecha y Hora de Acceso: 2024-05-29 18:38:34
Usuario: Smania, Fecha y Hora de Acceso: 2024-05-29 18:40:28
Usuario: Smania, Fecha y Hora de Acceso: 2024-05-29 18:45:20
Usuario: Palopolo, Fecha y Hora de Acceso: 2024-05-29 18:45:32
Usuario: Smania, Fecha y Hora de Acceso: 2024-05-29 19:01:57
Usuario: Palopolo, Fecha y Hora de Acceso: 2024-05-29 19:02:07
Usuario: Smania, Fecha y Hora de Acceso: 2024-05-29 19:04:08
Usuario: Palopolo, Fecha y Hora de Acceso: 2024-05-29 19:05:57
Usuario: Smania, Fecha y Hora de Acceso: 2024-05-29 19:10:56
Usuario: Smania, Fecha y Hora de Acceso: 2024-05-29 19:11:32
Usuario: Smania, Fecha y Hora de Acceso: 2024-05-29 19:15:02
Usuario: Smania, Fecha y Hora de Acceso: 2024-05-29 19:16:10
Usuario: Smania, Fecha y Hora de Acceso: 2024-05-29 20:11:21
Usuario: Smania, Fecha y Hora de Acceso: 2024-05-29 20:12:31
Usuario: Smania, Fecha y Hora de Acceso: 2024-05-29 20:13:43
Usuario: Smania, Fecha y Hora de Acceso: 2024-05-29 20:15:04
Usuario: Smania, Fecha y Hora de Acceso: 2024-05-29 20:15:27
Usuario: Smania, Fecha y Hora de Acceso: 2024-05-29 20:19:32
Usuario: Smania, Fecha y Hora de Acceso: 2024-05-29 20:20:56
Usuario: Smania, Fecha y Hora de Acceso: 2024-05-29 20:22:26
Usuario: Smania, Fecha y Hora de Acceso: 2024-05-29 20:22:59
Usuario: Smania, Fecha y Hora de Acceso: 2024-05-29 20:39:58
Usuario: Smania, Fecha y Hora de Acceso: 2024-05-29 20:41:26
Usuario: Smania, Fecha y Hora de Acceso: 2024-05-29 20:45:58
Usuario: Smania, Fecha y Hora de Acceso: 2024-05-29 20:51:19
Usuario: Smania, Fecha y Hora de Acceso: 2024-05-29 20:53:11
Usuario: Smania, Fecha y Hora de Acceso: 2024-05-29 20:56:11
Usuario: Smania, Fecha y Hora de Acceso: 2024-05-29 20:57:26
Usuario: Smania, Fecha y Hora de Acceso: 2024-05-29 21:14:15
Usuario: Smania, Fecha y Hora de Acceso: 2024-05-29 21:15:29
Usuario: Smania, Fecha y Hora de Acceso: 2024-05-29 21:16:17
Usuario: Smania, Fecha y Hora de Acceso: 2024-05-29 22:33:29
Usuario: Smania, Fecha y Hora de Acceso: 2024-05-29 22:42:13
Usuario: Smania, Fecha y Hora de Acceso: 2024-05-29 22:43:24
Usuario: Smania, Fecha y Hora de Acceso: 2024-05-29 22:54:19
Usuario: Smania, Fecha y Hora de Acceso: 2024-05-29 22:54:36
Usuario: Smania, Fecha y Hora de Acceso: 2024-05-29 23:06:06
Usuario: Smania, Fecha y Hora de Acceso: 2024-05-29 23:07:13
Usuario: Smania, Fecha y Hora de Acceso: 2024-05-29 23:11:11
Usuario: Palopolo, Fecha y Hora de Acceso: 2024-05-29 23:27:27
Usuario: Smania, Fecha y Hora de Acceso: 2024-05-30 11:56:13
Usuario: SmaniaMatias, Fecha y Hora de Acceso: 2024-05-30 17:11:35
Usuario: SmaniaMatias, Fecha y Hora de Acceso: 2024-05-30 17:21:55
Usuario: SmaniaMatias, Fecha y Hora de Acceso: 2024-05-30 17:42:55
Usuario: SmaniaMatias, Fecha y Hora de Acceso: 2024-05-30 17:48:27
Usuario: SmaniaMatias, Fecha y Hora de Acceso: 2024-05-30 17:49:36
Usuario: SmaniaMatias, Fecha y Hora de Acceso: 2024-05-30 17:54:04
Usuario: SmaniaMatias, Fecha y Hora de Acceso: 2024-05-30 17:54:29
Usuario: SmaniaMatias, Fecha y Hora de Acceso: 2024-05-30 17:55:03
Usuario: SmaniaMatias, Fecha y Hora de Acceso: 2024-05-30 17:56:12
Usuario: SmaniaMatias, Fecha y Hora de Acceso: 2024-05-30 17:56:45
Usuario: SmaniaMatias, Fecha y Hora de Acceso: 2024-05-30 18:02:35
Usuario: SmaniaMatias, Fecha y Hora de Acceso: 2024-05-30 18:03:44
Usuario: SmaniaMatias, Fecha y Hora de Acceso: 2024-05-30 18:09:35
Usuario: SmaniaMatias, Fecha y Hora de Acceso: 2024-05-30 18:12:37
Usuario: SmaniaMatias, Fecha y Hora de Acceso: 2024-05-30 18:16:52
Usuario: SmaniaMatias, Fecha y Hora de Acceso: 2024-05-30 18:18:37
Usuario: SmaniaMatias, Fecha y Hora de Acceso: 2024-05-30 18:19:15
Usuario: SmaniaMatias, Fecha y Hora de Acceso: 2024-05-30 18:24:27
Usuario: SmaniaMatias, Fecha y Hora de Acceso: 2024-05-30 18:27:10
Usuario: SmaniaMatias, Fecha y Hora de Acceso: 2024-05-30 18:28:39
Usuario: SmaniaMatias, Fecha y Hora de Acceso: 2024-05-30 18:29:10
Usuario: SmaniaMatias, Fecha y Hora de Acceso: 2024-05-30 18:36:25
Usuario: SmaniaMatias, Fecha y Hora de Acceso: 2024-05-30 18:39:45
Usuario: SmaniaMatias, Fecha y Hora de Acceso: 2024-05-30 18:43:12
Usuario: SmaniaMatias, Fecha y Hora de Acceso: 2024-05-30 18:48:45
Usuario: SmaniaMatias, Fecha y Hora de Acceso: 2024-05-31 09:18:31
Usuario: SmaniaMatias, Fecha y Hora de Acceso: 2024-05-31 11:31:56
Usuario: SmaniaMatias, Fecha y Hora de Acceso: 2024-05-31 12:55:28
Usuario: SmaniaMatias, Fecha y Hora de Acceso: 2024-05-31 13:00:25
Usuario: SmaniaMatias, Fecha y Hora de Acceso: 2024-05-31 13:01:18
Usuario: SmaniaMatias, Fecha y Hora de Acceso: 2024-05-31 13:05:10
Usuario: PalopoloLujan, Fecha y Hora de Acceso: 2024-05-31 13:06:52
Usuario: SmaniaMatias, Fecha y Hora de Acceso: 2024-05-31 13:26:38
Usuario: SmaniaMatias, Fecha y Hora de Acceso: 2024-05-31 13:48:03
Usuario: SmaniaMatias, Fecha y Hora de Acceso: 2024-05-31 14:09:58
Usuario: SmaniaMatias, Fecha y Hora de Acceso: 2024-05-31 14:48:45
Usuario: SmaniaMatias, Fecha y Hora de Acceso: 2024-05-31 14:51:27
Usuario: SmaniaMatias, Fecha y Hora de Acceso: 2024-05-31 14:54:34
Usuario: SmaniaMatias, Fecha y Hora de Acceso: 2024-05-31 14:59:04
Usuario: SmaniaMatias, Fecha y Hora de Acceso: 2024-05-31 15:01:05
Usuario: SmaniaMatias, Fecha y Hora de Acceso: 2024-05-31 15:01:31
Usuario: SmaniaMatias, Fecha y Hora de Acceso: 2024-05-31 15:02:05
Usuario: SmaniaMatias, Fecha y Hora de Acceso: 2024-05-31 15:03:22
Usuario: SmaniaMatias, Fecha y Hora de Acceso: 2024-05-31 15:05:18
Usuario: SmaniaMatias, Fecha y Hora de Acceso: 2024-05-31 15:10:32
Usuario: SmaniaMatias, Fecha y Hora de Acceso: 2024-05-31 15:21:16
Usuario: SmaniaMatias, Fecha y Hora de Acceso: 2024-05-31 15:23:47
Usuario: SmaniaMatias, Fecha y Hora de Acceso: 2024-05-31 15:24:34
Usuario: SmaniaMatias, Fecha y Hora de Acceso: 2024-05-31 15:25:04
Usuario: SmaniaMatias, Fecha y Hora de Acceso: 2024-05-31 15:25:52
Usuario: SmaniaMatias, Fecha y Hora de Acceso: 2024-05-31 15:27:45
Usuario: SmaniaMatias, Fecha y Hora de Acceso: 2024-05-31 15:42:22
Usuario: SmaniaMatias, Fecha y Hora de Acceso: 2024-05-31 15:45:12
Usuario: SmaniaMatias, Fecha y Hora de Acceso: 2024-05-31 16:00:27
Usuario: SmaniaMatias, Fecha y Hora de Acceso: 2024-05-31 16:19:03
Usuario: SmaniaMatias, Fecha y Hora de Acceso: 2024-05-31 16:33:30
Usuario: PalopoloLujan, Fecha y Hora de Acceso: 2024-05-31 16:34:10
Usuario: SmaniaMatias, Fecha y Hora de Acceso: 2024-05-31 17:05:06
Usuario: SmaniaMatias, Fecha y Hora de Acceso: 2024-05-31 17:06:59
Usuario: SmaniaMatias, Fecha y Hora de Acceso: 2024-05-31 17:19:39
Usuario: SmaniaMatias, Fecha y Hora de Acceso: 2024-05-31 17:21:55
Usuario: SmaniaMatias, Fecha y Hora de Acceso: 2024-05-31 17:26:05
Usuario: SmaniaMatias, Fecha y Hora de Acceso: 2024-05-31 17:26:43
Usuario: SmaniaMatias, Fecha y Hora de Acceso: 2024-05-31 17:29:44
Usuario: SmaniaMatias, Fecha y Hora de Acceso: 2024-05-31 17:34:16
Usuario: SmaniaMatias, Fecha y Hora de Acceso: 2024-05-31 17:34:48
Usuario: SmaniaMatias, Fecha y Hora de Acceso: 2024-05-31 18:18:39
Usuario: SmaniaMatias, Fecha y Hora de Acceso: 2024-05-31 18:30:28
Usuario: PalopoloLujan, Fecha y Hora de Acceso: 2024-05-31 18:30:44
Usuario: SmaniaMatias, Fecha y Hora de Acceso: 2024-05-31 18:42:03
Usuario: SmaniaMatias, Fecha y Hora de Acceso: 2024-05-31 18:44:47
Usuario: SmaniaMatias, Fecha y Hora de Acceso: 2024-05-31 18:46:45
Usuario: SmaniaMatias, Fecha y Hora de Acceso: 2024-05-31 18:52:20
Usuario: SmaniaMatias, Fecha y Hora de Acceso: 2024-05-31 18:54:37
Usuario: SmaniaMatias, Fecha y Hora de Acceso: 2024-05-31 18:56:02
Usuario: SmaniaMatias, Fecha y Hora de Acceso: 2024-05-31 20:48:50
Usuario: SmaniaMatias, Fecha y Hora de Acceso: 2024-05-31 20:55:52
Usuario: SmaniaMatias, Fecha y Hora de Acceso: 2024-05-31 20:56:27
Usuario: SmaniaMatias, Fecha y Hora de Acceso: 2024-05-31 21:03:25
Usuario: SmaniaMatias, Fecha y Hora de Acceso: 2024-05-31 21:09:06
Usuario: SmaniaMatias, Fecha y Hora de Acceso: 2024-05-31 21:10:02
Usuario: SmaniaMatias, Fecha y Hora de Acceso: 2024-05-31 21:11:26
Usuario: SmaniaMatias, Fecha y Hora de Acceso: 2024-05-31 21:13:30
Usuario: SmaniaMatias, Fecha y Hora de Acceso: 2024-05-31 21:14:38
Usuario: SmaniaMatias, Fecha y Hora de Acceso: 2024-05-31 21:16:38
Usuario: SmaniaMatias, Fecha y Hora de Acceso: 2024-05-31 21:22:19
Usuario: SmaniaMatias, Fecha y Hora de Acceso: 2024-05-31 21:26:00
Usuario: SmaniaMatias, Fecha y Hora de Acceso: 2024-05-31 21:26:43
Usuario: SmaniaMatias, Fecha y Hora de Acceso: 2024-05-31 21:35:39
Usuario: SmaniaMatias, Fecha y Hora de Acceso: 2024-05-31 21:40:49
Usuario: SmaniaMatias, Fecha y Hora de Acceso: 2024-05-31 21:42:25
Usuario: SmaniaMatias, Fecha y Hora de Acceso: 2024-05-31 21:48:09
Usuario: SmaniaMatias, Fecha y Hora de Acceso: 2024-05-31 21:49:25
Usuario: SmaniaMatias, Fecha y Hora de Acceso: 2024-05-31 21:52:58
Usuario: SmaniaMatias, Fecha y Hora de Acceso: 2024-05-31 21:54:37
Usuario: SmaniaMatias, Fecha y Hora de Acceso: 2024-05-31 21:55:45
Usuario: SmaniaMatias, Fecha y Hora de Acceso: 2024-05-31 22:01:49
Usuario: SmaniaMatias, Fecha y Hora de Acceso: 2024-05-31 22:03:36
Usuario: SmaniaMatias, Fecha y Hora de Acceso: 2024-05-31 22:05:20
Usuario: SmaniaMatias, Fecha y Hora de Acceso: 2024-05-31 22:06:40
Usuario: SmaniaMatias, Fecha y Hora de Acceso: 2024-06-03 11:35:15
Usuario: SmaniaMatias, Fecha y Hora de Acceso: 2024-06-03 11:37:33
Usuario: SmaniaMatias, Fecha y Hora de Acceso: 2024-06-03 11:42:21
Usuario: SmaniaMatias, Fecha y Hora de Acceso: 2024-06-03 11:58:16
Usuario: SmaniaMatias, Fecha y Hora de Acceso: 2024-06-03 11:59:31
Usuario: SmaniaMatias, Fecha y Hora de Acceso: 2024-06-03 11:59:52
Usuario: SmaniaMatias, Fecha y Hora de Acceso: 2024-06-03 12:02:39
Usuario: SmaniaMatias, Fecha y Hora de Acceso: 2024-06-03 12:03:55
Usuario: SmaniaMatias, Fecha y Hora de Acceso: 2024-06-03 12:05:49
Usuario: SmaniaMatias, Fecha y Hora de Acceso: 2024-06-03 12:09:57
Usuario: SmaniaMatias, Fecha y Hora de Acceso: 2024-06-03 12:15:51
Usuario: SmaniaMatias, Fecha y Hora de Acceso: 2024-06-03 13:29:01
Usuario: SmaniaMatias, Fecha y Hora de Acceso: 2024-06-03 13:35:21
Usuario: SmaniaMatias, Fecha y Hora de Acceso: 2024-06-03 13:38:38
Usuario: SmaniaMatias, Fecha y Hora de Acceso: 2024-06-03 13:41:58
Usuario: SmaniaMatias, Fecha y Hora de Acceso: 2024-06-03 13:42:28
Usuario: SmaniaMatias, Fecha y Hora de Acceso: 2024-06-03 13:43:37
Usuario: SmaniaMatias, Fecha y Hora de Acceso: 2024-06-03 14:35:17
Usuario: SmaniaMatias, Fecha y Hora de Acceso: 2024-06-03 14:43:22
Usuario: SmaniaMatias, Fecha y Hora de Acceso: 2024-06-03 15:15:22
Usuario: SmaniaMatias, Fecha y Hora de Acceso: 2024-06-03 15:16:36
Usuario: SmaniaMatias, Fecha y Hora de Acceso: 2024-06-03 15:19:52
Usuario: SmaniaMatias, Fecha y Hora de Acceso: 2024-06-03 15:22:18
Usuario: SmaniaMatias, Fecha y Hora de Acceso: 2024-06-03 15:23:15
Usuario: SmaniaMatias, Fecha y Hora de Acceso: 2024-06-03 15:28:53
Usuario: SmaniaMatias, Fecha y Hora de Acceso: 2024-06-03 15:29:27
Usuario: SmaniaMatias, Fecha y Hora de Acceso: 2024-06-03 15:31:39
Usuario: SmaniaMatias, Fecha y Hora de Acceso: 2024-06-03 15:35:35
Usuario: SmaniaMatias, Fecha y Hora de Acceso: 2024-06-03 15:43:53
Usuario: SmaniaMatias, Fecha y Hora de Acceso: 2024-06-03 15:44:34
Usuario: SmaniaMatias, Fecha y Hora de Acceso: 2024-06-03 15:45:35
Usuario: SmaniaMatias, Fecha y Hora de Acceso: 2024-06-03 15:48:36
Usuario: SmaniaMatias, Fecha y Hora de Acceso: 2024-06-03 15:58:21
Usuario: SmaniaMatias, Fecha y Hora de Acceso: 2024-06-03 18:17:19
Usuario: SmaniaMatias, Fecha y Hora de Acceso: 2024-06-03 18:33:41
Usuario: SmaniaMatias, Fecha y Hora de Acceso: 2024-06-03 18:35:39
Usuario: SmaniaMatias, Fecha y Hora de Acceso: 2024-06-03 18:37:10
Usuario: SmaniaMatias, Fecha y Hora de Acceso: 2024-06-03 18:42:59
Usuario: SmaniaMatias, Fecha y Hora de Acceso: 2024-06-03 18:44:45
Usuario: SmaniaMatias, Fecha y Hora de Acceso: 2024-06-03 18:46:01
Usuario: SmaniaMatias, Fecha y Hora de Acceso: 2024-06-03 18:49:56
Usuario: SmaniaMatias, Fecha y Hora de Acceso: 2024-06-03 18:50:27
Usuario: SmaniaMatias, Fecha y Hora de Acceso: 2024-06-03 18:51:27
Usuario: LujanPalopolo, Fecha y Hora de Acceso: 2024-06-03 19:03:01
Usuario: SmaniaMatias, Fecha y Hora de Acceso: 2024-06-03 19:10:56
Usuario: SmaniaMatias, Fecha y Hora de Acceso: 2024-06-03 19:14:34
Usuario: SmaniaMatias, Fecha y Hora de Acceso: 2024-06-03 19:28:03
Usuario: SmaniaMatias, Fecha y Hora de Acceso: 2024-06-03 19:29:26
Usuario: SmaniaMatias, Fecha y Hora de Acceso: 2024-06-03 19:34:09
Usuario: SmaniaMatias, Fecha y Hora de Acceso: 2024-06-03 19:35:38
Usuario: SmaniaMatias, Fecha y Hora de Acceso: 2024-06-03 19:36:41
Usuario: SmaniaMatias, Fecha y Hora de Acceso: 2024-06-03 19:40:19
Usuario: SmaniaMatias, Fecha y Hora de Acceso: 2024-06-03 19:42:15
Usuario: SmaniaMatias, Fecha y Hora de Acceso: 2024-06-03 20:57:21
Usuario: LujanPalopolo, Fecha y Hora de Acceso: 2024-06-03 20:58:12
Usuario: SmaniaMatias, Fecha y Hora de Acceso: 2024-06-04 21:34:32
Usuario: SmaniaMatias, Fecha y Hora de Acceso: 2024-06-04 21:37:22
Usuario: SmaniaMatias, Fecha y Hora de Acceso: 2024-06-04 21:49:09
Usuario: JuanAbila, Fecha y Hora de Acceso: 2024-06-04 22:59:19
Usuario: SmaniaMatias, Fecha y Hora de Acceso: 2024-06-04 23:03:55
Usuario: JorgeLopez, Fecha y Hora de Acceso: 2024-06-04 23:10:13
Usuario: SmaniaMatias, Fecha y Hora de Acceso: 2024-06-05 10:07:40
Usuario: SmaniaMatias, Fecha y Hora de Acceso: 2024-06-05 10:08:56
Usuario: LujanPalopolo, Fecha y Hora de Acceso: 2024-06-05 10:09:30
Usuario: JuanAbila, Fecha y Hora de Acceso: 2024-06-05 10:10:07
Usuario: SmaniaMatias, Fecha y Hora de Acceso: 2024-06-05 11:09:38
Usuario: SmaniaMatias, Fecha y Hora de Acceso: 2024-06-05 11:10:01
Usuario: SmaniaMatias, Fecha y Hora de Acceso: 2024-06-05 11:49:49
Usuario: SmaniaMatias, Fecha y Hora de Acceso: 2024-06-05 11:54:42
Usuario: SmaniaMatias, Fecha y Hora de Acceso: 2024-06-05 11:59:53
Usuario: SmaniaMatias, Fecha y Hora de Acceso: 2024-06-05 12:05:23
Usuario: SmaniaMatias, Fecha y Hora de Acceso: 2024-06-05 12:08:26
Usuario: SmaniaMatias, Fecha y Hora de Acceso: 2024-06-05 12:10:47
Usuario: SmaniaMatias, Fecha y Hora de Acceso: 2024-06-05 12:13:47
Usuario: SmaniaMatias, Fecha y Hora de Acceso: 2024-06-05 12:15:58
Usuario: SmaniaMatias, Fecha y Hora de Acceso: 2024-06-05 12:25:51
Usuario: SmaniaMatias, Fecha y Hora de Acceso: 2024-06-05 12:26:40
Usuario: SmaniaMatias, Fecha y Hora de Acceso: 2024-06-05 12:30:54
Usuario: SmaniaMatias, Fecha y Hora de Acceso: 2024-06-05 16:50:17
Usuario: SmaniaMatias, Fecha y Hora de Acceso: 2024-06-05 16:55:14
